  Building 'Pilot' with toolset 'WindowsKernelModeDriver10.0' and the 'Universal' target platform.
  Stamping x64\Debug\Pilot.inf
  Stamping [Version] section with DriverVer=03/23/2024,12.25.51.445
  Device.c
  Driver.c
  Queue.c
  Generating Code...
  Pilot.vcxproj -> C:\Users\jonat\OneDrive\Desktop\Test drivers\Pilot\x64\Debug\Pilot.sys
C:\Program Files (x86)\Windows Kits\10\build\10.0.22621.0\WindowsDriver.common.targets(1464,5): error MSB4018: The "SignTask" task failed unexpectedly.
C:\Program Files (x86)\Windows Kits\10\build\10.0.22621.0\WindowsDriver.common.targets(1464,5): error MSB4018: System.Security.Cryptography.CryptographicException: Access is denied.
C:\Program Files (x86)\Windows Kits\10\build\10.0.22621.0\WindowsDriver.common.targets(1464,5): error MSB4018: 
C:\Program Files (x86)\Windows Kits\10\build\10.0.22621.0\WindowsDriver.common.targets(1464,5): error MSB4018:    at Microsoft.DriverKit.Build.Shared.CreateCertificate.CryptAcquireContext(String keyContainerName, String providerName, PROV providerType)
C:\Program Files (x86)\Windows Kits\10\build\10.0.22621.0\WindowsDriver.common.targets(1464,5): error MSB4018:    at Microsoft.DriverKit.Build.Shared.CreateCertificate.CreateSelfSignedCertificate()
C:\Program Files (x86)\Windows Kits\10\build\10.0.22621.0\WindowsDriver.common.targets(1464,5): error MSB4018:    at Microsoft.DriverKit.Build.Tasks.SignTask.AutoGenerateTestCertificate()
C:\Program Files (x86)\Windows Kits\10\build\10.0.22621.0\WindowsDriver.common.targets(1464,5): error MSB4018:    at Microsoft.DriverKit.Build.Tasks.SignTask.AutoPickTestCertificate()
C:\Program Files (x86)\Windows Kits\10\build\10.0.22621.0\WindowsDriver.common.targets(1464,5): error MSB4018:    at Microsoft.DriverKit.Build.Tasks.SignTask.GenerateCommandLineCommands()
C:\Program Files (x86)\Windows Kits\10\build\10.0.22621.0\WindowsDriver.common.targets(1464,5): error MSB4018:    at Microsoft.Build.Utilities.ToolTask.Execute()
C:\Program Files (x86)\Windows Kits\10\build\10.0.22621.0\WindowsDriver.common.targets(1464,5): error MSB4018:    at Microsoft.DriverKit.Build.Tasks.TrackedVCToolTask.Execute()
C:\Program Files (x86)\Windows Kits\10\build\10.0.22621.0\WindowsDriver.common.targets(1464,5): error MSB4018:    at Microsoft.Build.BackEnd.TaskExecutionHost.Microsoft.Build.BackEnd.ITaskExecutionHost.Execute()
C:\Program Files (x86)\Windows Kits\10\build\10.0.22621.0\WindowsDriver.common.targets(1464,5): error MSB4018:    at Microsoft.Build.BackEnd.TaskBuilder.<ExecuteInstantiatedTask>d__26.MoveNext()
